RIJNDAEL: gcry_rijndael
RIJNDAEL192: gcry_rijndael
RIJNDAEL256: gcry_rijndael
AES128: gcry_rijndael
AES-128: gcry_rijndael
AES-192: gcry_rijndael
AES-256: gcry_rijndael
ADLER32: adler32
CRC64: crc64
MD5: gcry_md5
BLOWFISH: gcry_blowfish
MD4: gcry_md4
DES: gcry_des
3DES: gcry_des
SHA512: gcry_sha512
SHA384: gcry_sha512
SEED: gcry_seed
SHA1: gcry_sha1
CRC32: gcry_crc
CRC32RFC1510: gcry_crc
CRC24RFC2440: gcry_crc
RFC2268_40: gcry_rfc2268
CAST5: gcry_cast5
CAMELLIA128: gcry_camellia
CAMELLIA192: gcry_camellia
CAMELLIA256: gcry_camellia
ARCFOUR: gcry_arcfour
SHA224: gcry_sha256
SHA256: gcry_sha256
SERPENT128: gcry_serpent
SERPENT192: gcry_serpent
SERPENT256: gcry_serpent
AES: gcry_rijndael
AES192: gcry_rijndael
AES256: gcry_rijndael
WHIRLPOOL: gcry_whirlpool
TIGER192: gcry_tiger
TWOFISH: gcry_twofish
TWOFISH128: gcry_twofish
RIPEMD160: gcry_rmd160
